\BOOKMARK [1][-]{section.1}{Overview}{}% 1
\BOOKMARK [1][-]{section.2}{Components}{}% 2
\BOOKMARK [2][-]{subsection.2.1}{Boilerplate}{section.2}% 3
\BOOKMARK [2][-]{subsection.2.2}{Artist}{section.2}% 4
\BOOKMARK [3][-]{subsubsection.2.2.1}{Artist Studio}{subsection.2.2}% 5
\BOOKMARK [3][-]{subsubsection.2.2.2}{Artist Gallery}{subsection.2.2}% 6
\BOOKMARK [3][-]{subsubsection.2.2.3}{Artist Admin Mode}{subsection.2.2}% 7
\BOOKMARK [3][-]{subsubsection.2.2.4}{Artist Daemon}{subsection.2.2}% 8
\BOOKMARK [2][-]{subsection.2.3}{Business}{section.2}% 9
\BOOKMARK [2][-]{subsection.2.4}{Curator}{section.2}% 10
\BOOKMARK [3][-]{subsubsection.2.4.1}{Curator Search}{subsection.2.4}% 11
\BOOKMARK [3][-]{subsubsection.2.4.2}{Curator Manage}{subsection.2.4}% 12
\BOOKMARK [3][-]{subsubsection.2.4.3}{Curator Review}{subsection.2.4}% 13
\BOOKMARK [3][-]{subsubsection.2.4.4}{Curator Daemon}{subsection.2.4}% 14
\BOOKMARK [2][-]{subsection.2.5}{Discover}{section.2}% 15
\BOOKMARK [1][-]{section.3}{Unfinished Components}{}% 16
\BOOKMARK [2][-]{subsection.3.1}{Business}{section.3}% 17
\BOOKMARK [2][-]{subsection.3.2}{Discovery}{section.3}% 18
\BOOKMARK [2][-]{subsection.3.3}{Testing Suite}{section.3}% 19
\BOOKMARK [1][-]{section.4}{Databases}{}% 20
\BOOKMARK [2][-]{subsection.4.1}{Arist Database}{section.4}% 21
\BOOKMARK [2][-]{subsection.4.2}{Curator Database}{section.4}% 22
\BOOKMARK [2][-]{subsection.4.3}{Tekuma Artwork DB}{section.4}% 23
\BOOKMARK [2][-]{subsection.4.4}{Art.com Database}{section.4}% 24
\BOOKMARK [1][-]{section.5}{Related Work}{}% 25
\BOOKMARK [1][-]{section.6}{Potential Innovative Development Projects}{}% 26
\BOOKMARK [2][-]{subsection.6.1}{Collaborative Art Recommender System}{section.6}% 27
\BOOKMARK [2][-]{subsection.6.2}{TekumAI, Curated Recommender System}{section.6}% 28
\BOOKMARK [2][-]{subsection.6.3}{Artwork Meta-Search}{section.6}% 29
\BOOKMARK [2][-]{subsection.6.4}{The Creative Social Network}{section.6}% 30
\BOOKMARK [2][-]{subsection.6.5}{Cross-Media Recommendation}{section.6}% 31
\BOOKMARK [1][-]{section.7}{Conclusion}{}% 32
